  Dynamic.cpp
C:\Users\KonradT\IdeaProjects\P34\Aplikacja\lambient\Dynamic.h(1023,3): warning C4677: „DynamicThread”: Sygnatura nieprywatnej składowej zawiera prywatny typ zestawu „Kolor”
C:\Users\KonradT\IdeaProjects\P34\Aplikacja\lambient\Kolor.h(2): message : zobacz deklarację „Kolor”
C:\Users\KonradT\IdeaProjects\P34\Aplikacja\lambient\Dynamic.h(1034,3): warning C4677: „DynamicThread”: Sygnatura nieprywatnej składowej zawiera prywatny typ zestawu „Kolor”
C:\Users\KonradT\IdeaProjects\P34\Aplikacja\lambient\Kolor.h(2): message : zobacz deklarację „Kolor”
  MyForm.cpp
C:\Users\KonradT\IdeaProjects\P34\Aplikacja\lambient\Dynamic.h(1023,3): warning C4677: „DynamicThread”: Sygnatura nieprywatnej składowej zawiera prywatny typ zestawu „Kolor”
C:\Users\KonradT\IdeaProjects\P34\Aplikacja\lambient\Kolor.h(2): message : zobacz deklarację „Kolor”
C:\Users\KonradT\IdeaProjects\P34\Aplikacja\lambient\Dynamic.h(1034,3): warning C4677: „DynamicThread”: Sygnatura nieprywatnej składowej zawiera prywatny typ zestawu „Kolor”
C:\Users\KonradT\IdeaProjects\P34\Aplikacja\lambient\Kolor.h(2): message : zobacz deklarację „Kolor”
  Generowanie kodu...
C:\Users\KonradT\IdeaProjects\P34\Aplikacja\lambient\Dynamic.h(1061): warning C4700: użycie niezainicjowanej zmiennej lokalnej "hwnd"
C:\Users\KonradT\IdeaProjects\P34\Aplikacja\lambient\Dynamic.h(1133): warning C4700: użycie niezainicjowanej zmiennej lokalnej "hwnd"
C:\Users\KonradT\IdeaProjects\P34\Aplikacja\lambient\Dynamic.h(1166): warning C4700: użycie niezainicjowanej zmiennej lokalnej "hwnd"
C:\Users\KonradT\IdeaProjects\P34\Aplikacja\lambient\Dynamic.h(1201): warning C4700: użycie niezainicjowanej zmiennej lokalnej "hwnd"
C:\Users\KonradT\IdeaProjects\P34\Aplikacja\lambient\Dynam.h(569): warning C4700: użycie niezainicjowanej zmiennej lokalnej "sumr"
C:\Users\KonradT\IdeaProjects\P34\Aplikacja\lambient\Dynam.h(570): warning C4700: użycie niezainicjowanej zmiennej lokalnej "sumg"
C:\Users\KonradT\IdeaProjects\P34\Aplikacja\lambient\Dynam.h(571): warning C4700: użycie niezainicjowanej zmiennej lokalnej "sumb"
C:\Users\KonradT\IdeaProjects\P34\Aplikacja\lambient\Dynamic.h(1061): warning C4700: użycie niezainicjowanej zmiennej lokalnej "hwnd"
C:\Users\KonradT\IdeaProjects\P34\Aplikacja\lambient\Dynamic.h(1133): warning C4700: użycie niezainicjowanej zmiennej lokalnej "hwnd"
C:\Users\KonradT\IdeaProjects\P34\Aplikacja\lambient\Dynamic.h(1166): warning C4700: użycie niezainicjowanej zmiennej lokalnej "hwnd"
C:\Users\KonradT\IdeaProjects\P34\Aplikacja\lambient\Dynamic.h(1201): warning C4700: użycie niezainicjowanej zmiennej lokalnej "hwnd"
  Dynam.obj : napotkano moduł MSIL; konsolidowanie przyrostowe jest wyłączone dla modułów MSIL; zostanie wykonana pełna konsolidacja
  lambient.vcxproj -> C:\Users\KonradT\IdeaProjects\P34\Aplikacja\Debug\lambient.exe
