c:\users\krzysiek\source\repos\lambient\lambient\debug\vc141.pdb
c:\users\krzysiek\source\repos\lambient\lambient\debug\settings.obj
c:\users\krzysiek\source\repos\lambient\lambient\debug\dynamic.obj
c:\users\krzysiek\source\repos\lambient\lambient\debug\myform.obj
c:\users\krzysiek\source\repos\lambient\lambient\debug\dynam.obj
c:\users\krzysiek\source\repos\lambient\lambient\debug\display.obj
c:\users\krzysiek\source\repos\lambient\lambient\debug\smiesznewchuj.obj
c:\users\krzysiek\source\repos\lambient\lambient\debug\vc141.idb
c:\users\krzysiek\source\repos\lambient\lambient\debug\.netframework,version=v4.6.1.assemblyattributes.obj
c:\users\krzysiek\source\repos\lambient\lambient\debug\.netframework,version=v4.6.1.assemblyattributes.asm
c:\users\krzysiek\source\repos\lambient\lambient\debug\lambient.myform.resources
c:\users\krzysiek\source\repos\lambient\lambient\debug\lambient.dynam.resources
c:\users\krzysiek\source\repos\lambient\lambient\debug\lambient.settings.resources
c:\users\krzysiek\source\repos\lambient\lambient\debug\lambient.dynamic.resources
c:\users\krzysiek\source\repos\lambient\debug\lambient.exe
c:\users\krzysiek\source\repos\lambient\debug\lambient.pdb
c:\users\krzysiek\source\repos\lambient\lambient\debug\lambient.vcxproj.generateresource.cache
c:\users\krzysiek\source\repos\lambient\lambient\debug\lambient.vcxprojassemblyreference.cache
c:\users\krzysiek\source\repos\lambient\lambient\debug\lambient.tlog\cl.command.1.tlog
c:\users\krzysiek\source\repos\lambient\lambient\debug\lambient.tlog\cl.read.1.tlog
c:\users\krzysiek\source\repos\lambient\lambient\debug\lambient.tlog\cl.write.1.tlog
c:\users\krzysiek\source\repos\lambient\lambient\debug\lambient.tlog\lambient.write.1u.tlog
c:\users\krzysiek\source\repos\lambient\lambient\debug\lambient.tlog\link.command.1.tlog
c:\users\krzysiek\source\repos\lambient\lambient\debug\lambient.tlog\link.read.1.tlog
c:\users\krzysiek\source\repos\lambient\lambient\debug\lambient.tlog\link.write.1.tlog
c:\users\krzysiek\source\repos\lambient\lambient\debug\lambient.tlog\metagen.read.1.tlog
c:\users\krzysiek\source\repos\lambient\lambient\debug\lambient.tlog\metagen.write.1.tlog
